{
  "RSpec": {
    "coverage": {
      "/Users/Owner/Documents/Projects/bookmark-manager-paula/spec/features/creating_links_spec.rb": [
        1,
        1,
        1,
        1,
        1,
        1,
        null,
        1,
        null,
        1,
        1,
        null,
        null,
        null,
        null,
        null
      ],
      "/Users/Owner/Documents/Projects/bookmark-manager-paula/spec/features/viewing_links_spec.rb": [
        1,
        1,
        1,
        1,
        null,
        1,
        1,
        null,
        null,
        null
      ]
    },
    "timestamp": 1493756705
  }
}
